# JRE version: Java(TM) SE Runtime Environment (8.0_45-b14) (build 1.8.0_45-b14)
# Java VM: Java HotSpot(TM) Client VM (25.45-b02 mixed mode windows-x86 )
Heap:
 def new generation   total 28224K, used 16830K [0x03800000, 0x056a0000, 0x18d50000)
  eden space 25088K,  54% used [0x03800000, 0x0456c3d0, 0x05080000)
  from space 3136K,  98% used [0x05080000, 0x053835f8, 0x05390000)
  to   space 3136K,   0% used [0x05390000, 0x05390000, 0x056a0000)
 tenured generation   total 62556K, used 51407K [0x18d50000, 0x1ca67000, 0x43800000)
   the space 62556K,  82% used [0x18d50000, 0x1bf83c68, 0x1bf83e00, 0x1ca67000)
 Metaspace       used 39557K, capacity 40812K, committed 40832K, reserved 41344K
GC Heap History (10 events):
Event: 37.741 GC heap before
{Heap before GC invocations=108 (full 5):
 def new generation   total 28224K, used 27842K [0x03800000, 0x056a0000, 0x18d50000)
  eden space 25088K, 100% used [0x03800000, 0x05080000, 0x05080000)
  from space 3136K,  87% used [0x05390000, 0x05640aa0, 0x056a0000)
  to   space 3136K,   0% used [0x05080000, 0x05080000, 0x05390000)
 tenured generation   total 62556K, used 42802K [0x18d50000, 0x1ca67000, 0x43800000)
   the space 62556K,  68% used [0x18d50000, 0x1b71cb10, 0x1b71cc00, 0x1ca67000)
 Metaspace       used 37114K, capacity 38341K, committed 38400K, reserved 39296K
Event: 37.755 GC heap after
Heap after GC invocations=109 (full 5):
 def new generation   total 28224K, used 547K [0x03800000, 0x056a0000, 0x18d50000)
  eden space 25088K,   0% used [0x03800000, 0x03800000, 0x05080000)
  from space 3136K,  17% used [0x05080000, 0x05108f58, 0x05390000)
  to   space 3136K,   0% used [0x05390000, 0x05390000, 0x056a0000)
 tenured generation   total 62556K, used 44350K [0x18d50000, 0x1ca67000, 0x43800000)
   the space 62556K,  70% used [0x18d50000, 0x1b89f9b0, 0x1b89fa00, 0x1ca67000)
 Metaspace       used 37114K, capacity 38341K, committed 38400K, reserved 39296K
}
Event: 39.113 GC heap before
{Heap before GC invocations=109 (full 5):
 def new generation   total 28224K, used 25635K [0x03800000, 0x056a0000, 0x18d50000)
  eden space 25088K, 100% used [0x03800000, 0x05080000, 0x05080000)
  from space 3136K,  17% used [0x05080000, 0x05108f58, 0x05390000)
  to   space 3136K,   0% used [0x05390000, 0x05390000, 0x056a0000)
 tenured generation   total 62556K, used 44350K [0x18d50000, 0x1ca67000, 0x43800000)
   the space 62556K,  70% used [0x18d50000, 0x1b89f9b0, 0x1b89fa00, 0x1ca67000)
 Metaspace       used 37250K, capacity 38474K, committed 38528K, reserved 39296K
Event: 39.136 GC heap after
Heap after GC invocations=110 (full 5):
 def new generation   total 28224K, used 2576K [0x03800000, 0x056a0000, 0x18d50000)
  eden space 25088K,   0% used [0x03800000, 0x03800000, 0x05080000)
  from space 3136K,  82% used [0x05390000, 0x056143a0, 0x056a0000)
  to   space 3136K,   0% used [0x05080000, 0x05080000, 0x05390000)
 tenured generation   total 62556K, used 44350K [0x18d50000, 0x1ca67000, 0x43800000)
   the space 62556K,  70% used [0x18d50000, 0x1b89f9b0, 0x1b89fa00, 0x1ca67000)
 Metaspace       used 37250K, capacity 38474K, committed 38528K, reserved 39296K
}
Event: 41.965 GC heap before
{Heap before GC invocations=110 (full 5):
 def new generation   total 28224K, used 27664K [0x03800000, 0x056a0000, 0x18d50000)
  eden space 25088K, 100% used [0x03800000, 0x05080000, 0x05080000)
  from space 3136K,  82% used [0x05390000, 0x056143a0, 0x056a0000)
  to   space 3136K,   0% used [0x05080000, 0x05080000, 0x05390000)
 tenured generation   total 62556K, used 44350K [0x18d50000, 0x1ca67000, 0x43800000)
   the space 62556K,  70% used [0x18d50000, 0x1b89f9b0, 0x1b89fa00, 0x1ca67000)
 Metaspace       used 38158K, capacity 39420K, committed 39424K, reserved 40320K
Event: 41.995 GC heap after
Heap after GC invocations=111 (full 5):
 def new generation   total 28224K, used 2513K [0x03800000, 0x056a0000, 0x18d50000)
  eden space 25088K,   0% used [0x03800000, 0x03800000, 0x05080000)
  from space 3136K,  80% used [0x05080000, 0x052f4568, 0x05390000)
  to   space 3136K,   0% used [0x05390000, 0x05390000, 0x056a0000)
 tenured generation   total 62556K, used 46743K [0x18d50000, 0x1ca67000, 0x43800000)
   the space 62556K,  74% used [0x18d50000, 0x1baf5ef8, 0x1baf6000, 0x1ca67000)
 Metaspace       used 38158K, capacity 39420K, committed 39424K, reserved 40320K
}
Event: 42.620 GC heap before
{Heap before GC invocations=111 (full 5):
 def new generation   total 28224K, used 27601K [0x03800000, 0x056a0000, 0x18d50000)
  eden space 25088K, 100% used [0x03800000, 0x05080000, 0x05080000)
  from space 3136K,  80% used [0x05080000, 0x052f4568, 0x05390000)
  to   space 3136K,   0% used [0x05390000, 0x05390000, 0x056a0000)
 tenured generation   total 62556K, used 46743K [0x18d50000, 0x1ca67000, 0x43800000)
   the space 62556K,  74% used [0x18d50000, 0x1baf5ef8, 0x1baf6000, 0x1ca67000)
 Metaspace       used 38181K, capacity 39423K, committed 39424K, reserved 40320K
Event: 42.648 GC heap after
Heap after GC invocations=112 (full 5):
 def new generation   total 28224K, used 3136K [0x03800000, 0x056a0000, 0x18d50000)
  eden space 25088K,   0% used [0x03800000, 0x03800000, 0x05080000)
  from space 3136K, 100% used [0x05390000, 0x056a0000, 0x056a0000)
  to   space 3136K,   0% used [0x05080000, 0x05080000, 0x05390000)
 tenured generation   total 62556K, used 48338K [0x18d50000, 0x1ca67000, 0x43800000)
   the space 62556K,  77% used [0x18d50000, 0x1bc84ad8, 0x1bc84c00, 0x1ca67000)
 Metaspace       used 38181K, capacity 39423K, committed 39424K, reserved 40320K
}
Event: 43.174 GC heap before
{Heap before GC invocations=112 (full 5):
 def new generation   total 28224K, used 28224K [0x03800000, 0x056a0000, 0x18d50000)
  eden space 25088K, 100% used [0x03800000, 0x05080000, 0x05080000)
  from space 3136K, 100% used [0x05390000, 0x056a0000, 0x056a0000)
  to   space 3136K,   0% used [0x05080000, 0x05080000, 0x05390000)
 tenured generation   total 62556K, used 48338K [0x18d50000, 0x1ca67000, 0x43800000)
   the space 62556K,  77% used [0x18d50000, 0x1bc84ad8, 0x1bc84c00, 0x1ca67000)
 Metaspace       used 38396K, capacity 39655K, committed 39680K, reserved 40320K
Event: 43.212 GC heap after
Heap after GC invocations=113 (full 5):
 def new generation   total 28224K, used 3085K [0x03800000, 0x056a0000, 0x18d50000)
  eden space 25088K,   0% used [0x03800000, 0x03800000, 0x05080000)
  from space 3136K,  98% used [0x05080000, 0x053835f8, 0x05390000)
  to   space 3136K,   0% used [0x05390000, 0x05390000, 0x056a0000)
 tenured generation   total 62556K, used 51407K [0x18d50000, 0x1ca67000, 0x43800000)
   the space 62556K,  82% used [0x18d50000, 0x1bf83c68, 0x1bf83e00, 0x1ca67000)
 Metaspace       used 38396K, capacity 39655K, committed 39680K, reserved 40320K
}

