# JRE version: Java(TM) SE Runtime Environment (8.0_45-b14) (build 1.8.0_45-b14)
# Java VM: Java HotSpot(TM) Client VM (25.45-b02 mixed mode windows-x86 )
Heap:
 def new generation   total 31296K, used 10293K [0x03800000, 0x059f0000, 0x18d50000)
  eden space 27840K,  26% used [0x03800000, 0x03f4b750, 0x05330000)
  from space 3456K,  81% used [0x05330000, 0x055f2078, 0x05690000)
  to   space 3456K,   0% used [0x05690000, 0x05690000, 0x059f0000)
 tenured generation   total 69276K, used 56218K [0x18d50000, 0x1d0f7000, 0x43800000)
   the space 69276K,  81% used [0x18d50000, 0x1c436818, 0x1c436a00, 0x1d0f7000)
 Metaspace       used 41551K, capacity 42861K, committed 42880K, reserved 43392K
GC Heap History (10 events):
Event: 61.474 GC heap before
{Heap before GC invocations=110 (full 5):
 def new generation   total 31296K, used 31296K [0x03800000, 0x059f0000, 0x18d50000)
  eden space 27840K, 100% used [0x03800000, 0x05330000, 0x05330000)
  from space 3456K, 100% used [0x05690000, 0x059f0000, 0x059f0000)
  to   space 3456K,   0% used [0x05330000, 0x05330000, 0x05690000)
 tenured generation   total 69276K, used 45654K [0x18d50000, 0x1d0f7000, 0x43800000)
   the space 69276K,  65% used [0x18d50000, 0x1b9e5960, 0x1b9e5a00, 0x1d0f7000)
 Metaspace       used 39043K, capacity 40275K, committed 40320K, reserved 40320K
Event: 61.493 GC heap after
Heap after GC invocations=111 (full 5):
 def new generation   total 31296K, used 586K [0x03800000, 0x059f0000, 0x18d50000)
  eden space 27840K,   0% used [0x03800000, 0x03800000, 0x05330000)
  from space 3456K,  16% used [0x05330000, 0x053c2b08, 0x05690000)
  to   space 3456K,   0% used [0x05690000, 0x05690000, 0x059f0000)
 tenured generation   total 69276K, used 48160K [0x18d50000, 0x1d0f7000, 0x43800000)
   the space 69276K,  69% used [0x18d50000, 0x1bc580a0, 0x1bc58200, 0x1d0f7000)
 Metaspace       used 39043K, capacity 40275K, committed 40320K, reserved 40320K
}
Event: 63.596 GC heap before
{Heap before GC invocations=111 (full 5):
 def new generation   total 31296K, used 28426K [0x03800000, 0x059f0000, 0x18d50000)
  eden space 27840K, 100% used [0x03800000, 0x05330000, 0x05330000)
  from space 3456K,  16% used [0x05330000, 0x053c2b08, 0x05690000)
  to   space 3456K,   0% used [0x05690000, 0x05690000, 0x059f0000)
 tenured generation   total 69276K, used 48160K [0x18d50000, 0x1d0f7000, 0x43800000)
   the space 69276K,  69% used [0x18d50000, 0x1bc580a0, 0x1bc58200, 0x1d0f7000)
 Metaspace       used 39186K, capacity 40442K, committed 40448K, reserved 41344K
Event: 63.619 GC heap after
Heap after GC invocations=112 (full 5):
 def new generation   total 31296K, used 2746K [0x03800000, 0x059f0000, 0x18d50000)
  eden space 27840K,   0% used [0x03800000, 0x03800000, 0x05330000)
  from space 3456K,  79% used [0x05690000, 0x0593e810, 0x059f0000)
  to   space 3456K,   0% used [0x05330000, 0x05330000, 0x05690000)
 tenured generation   total 69276K, used 48160K [0x18d50000, 0x1d0f7000, 0x43800000)
   the space 69276K,  69% used [0x18d50000, 0x1bc580a0, 0x1bc58200, 0x1d0f7000)
 Metaspace       used 39186K, capacity 40442K, committed 40448K, reserved 41344K
}
Event: 92.656 GC heap before
{Heap before GC invocations=112 (full 5):
 def new generation   total 31296K, used 30586K [0x03800000, 0x059f0000, 0x18d50000)
  eden space 27840K, 100% used [0x03800000, 0x05330000, 0x05330000)
  from space 3456K,  79% used [0x05690000, 0x0593e810, 0x059f0000)
  to   space 3456K,   0% used [0x05330000, 0x05330000, 0x05690000)
 tenured generation   total 69276K, used 48160K [0x18d50000, 0x1d0f7000, 0x43800000)
   the space 69276K,  69% used [0x18d50000, 0x1bc580a0, 0x1bc58200, 0x1d0f7000)
 Metaspace       used 40082K, capacity 41371K, committed 41472K, reserved 42368K
Event: 92.687 GC heap after
Heap after GC invocations=113 (full 5):
 def new generation   total 31296K, used 2534K [0x03800000, 0x059f0000, 0x18d50000)
  eden space 27840K,   0% used [0x03800000, 0x03800000, 0x05330000)
  from space 3456K,  73% used [0x05330000, 0x055a98f0, 0x05690000)
  to   space 3456K,   0% used [0x05690000, 0x05690000, 0x059f0000)
 tenured generation   total 69276K, used 50714K [0x18d50000, 0x1d0f7000, 0x43800000)
   the space 69276K,  73% used [0x18d50000, 0x1bed68d0, 0x1bed6a00, 0x1d0f7000)
 Metaspace       used 40082K, capacity 41371K, committed 41472K, reserved 42368K
}
Event: 94.466 GC heap before
{Heap before GC invocations=113 (full 5):
 def new generation   total 31296K, used 30374K [0x03800000, 0x059f0000, 0x18d50000)
  eden space 27840K, 100% used [0x03800000, 0x05330000, 0x05330000)
  from space 3456K,  73% used [0x05330000, 0x055a98f0, 0x05690000)
  to   space 3456K,   0% used [0x05690000, 0x05690000, 0x059f0000)
 tenured generation   total 69276K, used 50714K [0x18d50000, 0x1d0f7000, 0x43800000)
   the space 69276K,  73% used [0x18d50000, 0x1bed68d0, 0x1bed6a00, 0x1d0f7000)
 Metaspace       used 40103K, capacity 41403K, committed 41472K, reserved 42368K
Event: 94.503 GC heap after
Heap after GC invocations=114 (full 5):
 def new generation   total 31296K, used 3456K [0x03800000, 0x059f0000, 0x18d50000)
  eden space 27840K,   0% used [0x03800000, 0x03800000, 0x05330000)
  from space 3456K, 100% used [0x05690000, 0x059f0000, 0x059f0000)
  to   space 3456K,   0% used [0x05330000, 0x05330000, 0x05690000)
 tenured generation   total 69276K, used 52813K [0x18d50000, 0x1d0f7000, 0x43800000)
   the space 69276K,  76% used [0x18d50000, 0x1c0e3668, 0x1c0e3800, 0x1d0f7000)
 Metaspace       used 40103K, capacity 41403K, committed 41472K, reserved 42368K
}
Event: 98.049 GC heap before
{Heap before GC invocations=114 (full 5):
 def new generation   total 31296K, used 31296K [0x03800000, 0x059f0000, 0x18d50000)
  eden space 27840K, 100% used [0x03800000, 0x05330000, 0x05330000)
  from space 3456K, 100% used [0x05690000, 0x059f0000, 0x059f0000)
  to   space 3456K,   0% used [0x05330000, 0x05330000, 0x05690000)
 tenured generation   total 69276K, used 52813K [0x18d50000, 0x1d0f7000, 0x43800000)
   the space 69276K,  76% used [0x18d50000, 0x1c0e3668, 0x1c0e3800, 0x1d0f7000)
 Metaspace       used 40434K, capacity 41731K, committed 41856K, reserved 42368K
Event: 98.088 GC heap after
Heap after GC invocations=115 (full 5):
 def new generation   total 31296K, used 2824K [0x03800000, 0x059f0000, 0x18d50000)
  eden space 27840K,   0% used [0x03800000, 0x03800000, 0x05330000)
  from space 3456K,  81% used [0x05330000, 0x055f2078, 0x05690000)
  to   space 3456K,   0% used [0x05690000, 0x05690000, 0x059f0000)
 tenured generation   total 69276K, used 56218K [0x18d50000, 0x1d0f7000, 0x43800000)
   the space 69276K,  81% used [0x18d50000, 0x1c436818, 0x1c436a00, 0x1d0f7000)
 Metaspace       used 40434K, capacity 41731K, committed 41856K, reserved 42368K
}

