# JRE version: Java(TM) SE Runtime Environment (8.0_45-b14) (build 1.8.0_45-b14)
# Java VM: Java HotSpot(TM) Client VM (25.45-b02 mixed mode windows-x86 )
Heap:
 def new generation   total 24192K, used 10270K [0x03800000, 0x05240000, 0x18d50000)
  eden space 21504K,  37% used [0x03800000, 0x03fedaf8, 0x04d00000)
  from space 2688K,  80% used [0x04fa0000, 0x051b9f90, 0x05240000)
  to   space 2688K,   0% used [0x04d00000, 0x04d00000, 0x04fa0000)
 tenured generation   total 53528K, used 37264K [0x18d50000, 0x1c196000, 0x43800000)
   the space 53528K,  69% used [0x18d50000, 0x1b1b42f8, 0x1b1b4400, 0x1c196000)
 Metaspace       used 36888K, capacity 37935K, committed 38656K, reserved 39296K
GC Heap History (10 events):
Event: 52.630 GC heap before
{Heap before GC invocations=108 (full 4):
 def new generation   total 19904K, used 18404K [0x03800000, 0x04d90000, 0x18d50000)
  eden space 17728K, 100% used [0x03800000, 0x04950000, 0x04950000)
  from space 2176K,  31% used [0x04950000, 0x049f92f0, 0x04b70000)
  to   space 2176K,   0% used [0x04b70000, 0x04b70000, 0x04d90000)
 tenured generation   total 43976K, used 43826K [0x18d50000, 0x1b842000, 0x43800000)
   the space 43976K,  99% used [0x18d50000, 0x1b81ca88, 0x1b81cc00, 0x1b842000)
 Metaspace       used 35457K, capacity 36675K, committed 36736K, reserved 37248K
Event: 52.651 GC heap after
Heap after GC invocations=109 (full 4):
 def new generation   total 19904K, used 2176K [0x03800000, 0x04d90000, 0x18d50000)
  eden space 17728K,   0% used [0x03800000, 0x03800000, 0x04950000)
  from space 2176K, 100% used [0x04b70000, 0x04d90000, 0x04d90000)
  to   space 2176K,   0% used [0x04950000, 0x04950000, 0x04b70000)
 tenured generation   total 43976K, used 43960K [0x18d50000, 0x1b842000, 0x43800000)
   the space 43976K,  99% used [0x18d50000, 0x1b83e3d8, 0x1b83e400, 0x1b842000)
 Metaspace       used 35457K, capacity 36675K, committed 36736K, reserved 37248K
}
Event: 54.162 GC heap before
{Heap before GC invocations=109 (full 4):
 def new generation   total 19904K, used 19904K [0x03800000, 0x04d90000, 0x18d50000)
  eden space 17728K, 100% used [0x03800000, 0x04950000, 0x04950000)
  from space 2176K, 100% used [0x04b70000, 0x04d90000, 0x04d90000)
  to   space 2176K,   0% used [0x04950000, 0x04950000, 0x04b70000)
 tenured generation   total 43976K, used 43960K [0x18d50000, 0x1b842000, 0x43800000)
   the space 43976K,  99% used [0x18d50000, 0x1b83e3d8, 0x1b83e400, 0x1b842000)
 Metaspace       used 35965K, capacity 37190K, committed 37248K, reserved 37248K
Event: 54.681 GC heap after
Heap after GC invocations=110 (full 5):
 def new generation   total 24192K, used 0K [0x03800000, 0x05240000, 0x18d50000)
  eden space 21504K,   0% used [0x03800000, 0x03800000, 0x04d00000)
  from space 2688K,   0% used [0x04d00000, 0x04d00000, 0x04fa0000)
  to   space 2688K,   0% used [0x04fa0000, 0x04fa0000, 0x05240000)
 tenured generation   total 53528K, used 32115K [0x18d50000, 0x1c196000, 0x43800000)
   the space 53528K,  59% used [0x18d50000, 0x1acacdc8, 0x1acace00, 0x1c196000)
 Metaspace       used 35037K, capacity 36031K, committed 37248K, reserved 37248K
}
Event: 56.116 GC heap before
{Heap before GC invocations=110 (full 5):
 def new generation   total 24192K, used 21504K [0x03800000, 0x05240000, 0x18d50000)
  eden space 21504K, 100% used [0x03800000, 0x04d00000, 0x04d00000)
  from space 2688K,   0% used [0x04d00000, 0x04d00000, 0x04fa0000)
  to   space 2688K,   0% used [0x04fa0000, 0x04fa0000, 0x05240000)
 tenured generation   total 53528K, used 32115K [0x18d50000, 0x1c196000, 0x43800000)
   the space 53528K,  59% used [0x18d50000, 0x1acacdc8, 0x1acace00, 0x1c196000)
 Metaspace       used 35505K, capacity 36499K, committed 37376K, reserved 38272K
Event: 56.131 GC heap after
Heap after GC invocations=111 (full 5):
 def new generation   total 24192K, used 1386K [0x03800000, 0x05240000, 0x18d50000)
  eden space 21504K,   0% used [0x03800000, 0x03800000, 0x04d00000)
  from space 2688K,  51% used [0x04fa0000, 0x050fa848, 0x05240000)
  to   space 2688K,   0% used [0x04d00000, 0x04d00000, 0x04fa0000)
 tenured generation   total 53528K, used 32115K [0x18d50000, 0x1c196000, 0x43800000)
   the space 53528K,  59% used [0x18d50000, 0x1acacdc8, 0x1acace00, 0x1c196000)
 Metaspace       used 35505K, capacity 36499K, committed 37376K, reserved 38272K
}
Event: 56.663 GC heap before
{Heap before GC invocations=111 (full 5):
 def new generation   total 24192K, used 22879K [0x03800000, 0x05240000, 0x18d50000)
  eden space 21504K,  99% used [0x03800000, 0x04cfd540, 0x04d00000)
  from space 2688K,  51% used [0x04fa0000, 0x050fa848, 0x05240000)
  to   space 2688K,   0% used [0x04d00000, 0x04d00000, 0x04fa0000)
 tenured generation   total 53528K, used 32115K [0x18d50000, 0x1c196000, 0x43800000)
   the space 53528K,  59% used [0x18d50000, 0x1acacdc8, 0x1acace00, 0x1c196000)
 Metaspace       used 35505K, capacity 36499K, committed 37376K, reserved 38272K
Event: 56.696 GC heap after
Heap after GC invocations=112 (full 5):
 def new generation   total 24192K, used 2688K [0x03800000, 0x05240000, 0x18d50000)
  eden space 21504K,   0% used [0x03800000, 0x03800000, 0x04d00000)
  from space 2688K, 100% used [0x04d00000, 0x04fa0000, 0x04fa0000)
  to   space 2688K,   0% used [0x04fa0000, 0x04fa0000, 0x05240000)
 tenured generation   total 53528K, used 34646K [0x18d50000, 0x1c196000, 0x43800000)
   the space 53528K,  64% used [0x18d50000, 0x1af25b78, 0x1af25c00, 0x1c196000)
 Metaspace       used 35505K, capacity 36499K, committed 37376K, reserved 38272K
}
Event: 57.189 GC heap before
{Heap before GC invocations=112 (full 5):
 def new generation   total 24192K, used 24192K [0x03800000, 0x05240000, 0x18d50000)
  eden space 21504K, 100% used [0x03800000, 0x04d00000, 0x04d00000)
  from space 2688K, 100% used [0x04d00000, 0x04fa0000, 0x04fa0000)
  to   space 2688K,   0% used [0x04fa0000, 0x04fa0000, 0x05240000)
 tenured generation   total 53528K, used 34646K [0x18d50000, 0x1c196000, 0x43800000)
   the space 53528K,  64% used [0x18d50000, 0x1af25b78, 0x1af25c00, 0x1c196000)
 Metaspace       used 35852K, capacity 36904K, committed 37632K, reserved 38272K
Event: 57.218 GC heap after
Heap after GC invocations=113 (full 5):
 def new generation   total 24192K, used 2151K [0x03800000, 0x05240000, 0x18d50000)
  eden space 21504K,   0% used [0x03800000, 0x03800000, 0x04d00000)
  from space 2688K,  80% used [0x04fa0000, 0x051b9f90, 0x05240000)
  to   space 2688K,   0% used [0x04d00000, 0x04d00000, 0x04fa0000)
 tenured generation   total 53528K, used 37264K [0x18d50000, 0x1c196000, 0x43800000)
   the space 53528K,  69% used [0x18d50000, 0x1b1b42f8, 0x1b1b4400, 0x1c196000)
 Metaspace       used 35852K, capacity 36904K, committed 37632K, reserved 38272K
}

